C51 COMPILER V9.57.0.0   MOTOR                                                             02/10/2021 19:15:38 PAGE 1   


C51 COMPILER V9.57.0.0, COMPILATION OF MODULE MOTOR
OBJECT MODULE PLACED IN .\Objects\motor.obj
COMPILER INVOKED BY: F:\MDK5.21A\C51\BIN\C51.EXE motor.c OPTIMIZE(8,SPEED) BROWSE INCDIR(..\main_control) DEBUG OBJECTEX
                    -TEND PRINT(.\Listings\motor.lst) TABS(2) OBJECT(.\Objects\motor.obj)

line level    source

   1          /*********************************************************************************************************
   2          ** 工程功能 ：motor姿态控制、pid运算
   3          *********************************************************************************************************/
   4          #include "motor.h"
   5          extern uint pwm_L,pwm_R;
   6          void move(uchar mode)   //F,B,L,R 前后左右
   7          {
   8   1        switch(mode)
   9   1        {
  10   2          case 'F':
  11   2            Left_A=pwm_L;
  12   2            Left_B=0;
  13   2            Right_A=pwm_R;
  14   2            Right_B=0;
  15   2            break;
  16   2          case 'B':
  17   2            Left_A=0;
  18   2            Left_B=pwm_L;
  19   2            Right_A=0;
  20   2            Right_B=pwm_R;
  21   2            break;
  22   2          case 'L':
  23   2            Left_A=pwm_L;
  24   2            Left_B=0;
  25   2            Right_A=0;
  26   2            Right_B=pwm_R;
  27   2            break;
  28   2          case 'R':
  29   2            Left_A=0;
  30   2            Left_B=pwm_L;
  31   2            Right_A=pwm_R;
  32   2            Right_B=0;
  33   2            break;
  34   2          default:
  35   2            printf("move error!");
  36   2            break;
  37   2        }
  38   1      //  Delay_ms(time);
  39   1      }
  40          
  41          


MODULE INFORMATION:   STATIC OVERLAYABLE
   CODE SIZE        =     93    ----
   CONSTANT SIZE    =     12    ----
   XDATA SIZE       =   ----    ----
   PDATA SIZE       =   ----    ----
   DATA SIZE        =   ----    ----
   IDATA SIZE       =   ----    ----
   BIT SIZE         =   ----    ----
END OF MODULE INFORMATION.


C51 COMPILATION COMPLETE.  0 WARNING(S),  0 ERROR(S)
