C51 COMPILER V9.57.0.0   SENSOR                                                            03/05/2021 14:40:11 PAGE 1   


C51 COMPILER V9.57.0.0, COMPILATION OF MODULE SENSOR
OBJECT MODULE PLACED IN .\Objects\sensor.obj
COMPILER INVOKED BY: F:\MDK5.21A\C51\BIN\C51.EXE sensor.c OPTIMIZE(8,SPEED) BROWSE INCDIR(..\main_control) DEBUG OBJECTE
                    -XTEND PRINT(.\Listings\sensor.lst) TABS(2) OBJECT(.\Objects\sensor.obj)

line level    source

   1          #include "sensor.h"
   2          #include "pwm.h"
   3          int uart_flag=0,transform=0;
   4          uchar i=0,j=0,k,P0_sensor;
   5          /*
   6          void goforward();
   7          
   8          void goback();
   9          
  10          void goLeft();
  11          
  12          void goRight();
  13          
  14          void gostop();
  15          */
  16          void getsensor(int uart_flag)
  17          {
  18   1        if(!uart_flag)
  19   1        {
  20   2          P0_sensor=(P0|0xe0); //ÆÁ±Î¸ßÈýÎ»
  21   2          switch(P0_sensor)
  22   2          {
  23   3            case 0xf7: i=1;goLeft();break;
  24   3            case 0xef: i=2;goLeft();break;
  25   3            case 0xe7: i=3;goLeft();break;
  26   3            case 0xe3: i=4;goLeft();break;
  27   3            case 0xf3: i=5;goLeft();break;
  28   3            
  29   3            case 0xfe: j=1;goRight();break;
  30   3            case 0xfc: j=2;goRight();break;
  31   3            case 0xf8: j=3;goRight();break;
  32   3            case 0xf9: j=4;goRight();break;
  33   3            case 0xfd: j=5;goRight();break;
  34   3            
  35   3            case 0xfb: k=1;goforward();break;
  36   3            case 0xf1: k=2;goforward();break;
  37   3            
  38   3            case 0xe0:     gostop();break;
  39   3            
  40   3            case 0xff: 
  41   3              if(i==1||i==2||i==3||i==4||i==5)
  42   3               {
  43   4                 i=0;goLeft();         
  44   4               }
  45   3                if(j==1||j==2||j==3||j==4||j==5)
  46   3               {
  47   4                 j=0;goRight();        
  48   4               }
  49   3                if(k==1||k==2)
  50   3               {
  51   4                 k=0;goforward();    
  52   4               }
  53   3               break;
  54   3            default :break;
C51 COMPILER V9.57.0.0   SENSOR                                                            03/05/2021 14:40:11 PAGE 2   

  55   3          }
  56   2        }
  57   1      }


MODULE INFORMATION:   STATIC OVERLAYABLE
   CODE SIZE        =    215    ----
   CONSTANT SIZE    =   ----    ----
   XDATA SIZE       =   ----    ----
   PDATA SIZE       =   ----    ----
   DATA SIZE        =      8    ----
   IDATA SIZE       =   ----    ----
   BIT SIZE         =   ----    ----
END OF MODULE INFORMATION.


C51 COMPILATION COMPLETE.  0 WARNING(S),  0 ERROR(S)
