C51 COMPILER V9.57.0.0   UART                                                              03/05/2021 15:00:42 PAGE 1   


C51 COMPILER V9.57.0.0, COMPILATION OF MODULE UART
OBJECT MODULE PLACED IN .\Objects\uart.obj
COMPILER INVOKED BY: F:\MDK5.21A\C51\BIN\C51.EXE uart.c OPTIMIZE(8,SPEED) BROWSE INCDIR(..\main_control) DEBUG OBJECTEXT
                    -END PRINT(.\Listings\uart.lst) TABS(2) OBJECT(.\Objects\uart.obj)

line level    source

   1          #include "uart.h"
   2          //#include "adc.h"
   3          #include "pwm.h"
   4          #include "sensor.h"
   5          uchar tmp;
   6          
   7          //定义端口
   8          sbit led0=P2^0;       //指示灯0
   9          sbit led1=P2^1;     //指示灯1
  10          
  11          ////声明函数
  12          //void InitUART();               //串口初始化
  13          //void SendOneByte(uchar c);     //单字节发送函数
  14          //void UARTInterrupt();          //串口中断函数
  15          
  16          ////主函数
  17          //void main(void)
  18          //{
  19          //    InitUART();
  20          //}
  21          
  22          //串口初始化函数
  23          void InitUART()
  24          {
  25   1          TMOD = 0x20;    // 定时器1工作于方式2
  26   1          SCON = 0x50;    //串口工作模式1
  27   1      
  28   1          TH1 = 0xFD;     // 波特率9600
  29   1          TL1 = TH1;
  30   1          PCON = 0x00;
  31   1      
  32   1          EA = 1;
  33   1          ES = 1;
  34   1          TR1 = 1;
  35   1      }
  36          
  37          //单字节数据发送函数
  38          void SendOneByte(uchar c)
  39          {
  40   1          SBUF = c;
  41   1          while(!TI);
  42   1          TI = 0;
  43   1      }
  44          
  45          //串口中断函数
  46          void UARTInterrupt()    interrupt 4
  47          {
  48   1      
  49   1          if(RI)  //确认接收数据
  50   1          {
  51   2              RI = 0;
  52   2              tmp=SBUF;
  53   2      
  54   2              //选择函数
C51 COMPILER V9.57.0.0   UART                                                              03/05/2021 15:00:42 PAGE 2   

  55   2              switch(tmp)
  56   2              {
  57   3              case '2':
  58   3        //进入蓝牙模式
  59   3                  uart_flag=1;
  60   3              P0_sensor=0xff;
  61   3                  SendOneByte(tmp);
  62   3                  break;
  63   3              
  64   3              case '1':
  65   3       //进入循迹模式
  66   3                  uart_flag=0;
  67   3                  SendOneByte(tmp);
  68   3                  break;
  69   3                
  70   3              case 'f':
  71   3                  goforward();
  72   3      
  73   3                  SendOneByte(tmp);
  74   3                  break;
  75   3      
  76   3              case 'b':
  77   3                  goback();
  78   3      
  79   3                  SendOneByte(tmp);
  80   3                  break;
  81   3              
  82   3              case 'l':
  83   3                  goLeft();
  84   3      
  85   3                  SendOneByte(tmp);
  86   3                  break;
  87   3              
  88   3              case 'r':
  89   3                  goRight();
  90   3      
  91   3                  SendOneByte(tmp);
  92   3                  break;
  93   3              
  94   3              case 's':
  95   3                  gostop();
  96   3      
  97   3                  SendOneByte(tmp);
  98   3                  break;
  99   3      
 100   3              case 't':
 101   3                  SendOneByte(P0_sensor);
 102   3                  break;
 103   3      //        default:                    //其他，灯全灭
 104   3      //            led0=1;
 105   3      //            led1=1;
 106   3      //            SendOneByte(tmp);
 107   3              }
 108   2      
 109   2          }
 110   1          else
 111   1              TI = 0;
 112   1      }


MODULE INFORMATION:   STATIC OVERLAYABLE
   CODE SIZE        =    181    ----
C51 COMPILER V9.57.0.0   UART                                                              03/05/2021 15:00:42 PAGE 3   

   CONSTANT SIZE    =   ----    ----
   XDATA SIZE       =   ----    ----
   PDATA SIZE       =   ----    ----
   DATA SIZE        =      1    ----
   IDATA SIZE       =   ----    ----
   BIT SIZE         =   ----    ----
END OF MODULE INFORMATION.


C51 COMPILATION COMPLETE.  0 WARNING(S),  0 ERROR(S)
