C51 COMPILER V9.57.0.0   12864                                                             12/24/2020 23:06:11 PAGE 1   


C51 COMPILER V9.57.0.0, COMPILATION OF MODULE 12864
OBJECT MODULE PLACED IN .\Objects\12864.obj
COMPILER INVOKED BY: F:\MDK5.21A\C51\BIN\C51.EXE 12864.c OPTIMIZE(8,SPEED) BROWSE INCDIR(..\timing_charge) DEBUG OBJECTE
                    -XTEND PRINT(.\Listings\12864.lst) TABS(2) OBJECT(.\Objects\12864.obj)

line level    source

*** WARNING C500 IN LINE 1 OF 12864.c: LICENSE ERROR (R207(2): REGISTRY READ ERROR)

   1          
   2          
   3          
   4          //..........串口写.......... 
   5          void serial_write(uchar lcm_cmd_or_data) 
*** ERROR C141 IN LINE 5 OF 12864.c: syntax error near 'lcm_cmd_or_data', expected ')'
   6          { 
   7   1        uchar i;    
*** ERROR C141 IN LINE 7 OF 12864.c: syntax error near 'i'
*** ERROR C202 IN LINE 7 OF 12864.c: 'i': undefined identifier
   8   1        CSB=0;    
*** ERROR C202 IN LINE 8 OF 12864.c: 'CSB': undefined identifier
   9   1        for(i=0;i<8;i++) 
*** ERROR C202 IN LINE 9 OF 12864.c: 'i': undefined identifier
  10   1        {
  11   2        SCK=0;   
*** ERROR C202 IN LINE 11 OF 12864.c: 'SCK': undefined identifier
  12   2          if((lcm_cmd_or_data&0x80)==0x80)      
*** ERROR C202 IN LINE 12 OF 12864.c: 'lcm_cmd_or_data': undefined identifier
  13   2            SI=1;   
*** ERROR C202 IN LINE 13 OF 12864.c: 'SI': undefined identifier
  14   2          else      
  15   2            SI=0;   
*** ERROR C202 IN LINE 15 OF 12864.c: 'SI': undefined identifier
  16   2          //SCK=0;  
  17   2          _nop_();  
  18   2          _nop_();    
  19   2          SCK=1;
  20   2          _nop_();
  21   2          SCK=0;  
  22   2          lcm_cmd_or_data=lcm_cmd_or_data<<1; 
  23   2      } 
  24   1        CSB=1; 
  25   1      } 
  26          //..........写命令.......... 
  27          void send_cmd(uchar lcm_cmd) 
  28          { 
  29   1        A0=0; 
  30   1        serial_write(lcm_cmd); 
  31   1      } 
  32          //..........写数据到 DDRAM.......... 
  33          void send_data(uchar lcm_data) 
  34          { 
  35   1        A0=1; 
  36   1        serial_write(lcm_data); 
  37   1      } 
  38          //==================display a piture of 16*16 dots================
  39          void display_graphic_16x16(char page,char column,char *dp)
  40          {
  41   1        char i,j;
  42   1        for(j=0;j<2;j++)
  43   1        {
  44   2          //lcd_address(page+j,column);
C51 COMPILER V9.57.0.0   12864                                                             12/24/2020 23:06:11 PAGE 2   

  45   2          set_page_address(page+j);     
  46   2          set_column_address(column); 
  47   2          for (i=0;i<16;i++)
  48   2          { 
  49   3            send_data(*dp);   
  50   3            dp++;
  51   3          }
  52   2        }
  53   1      }
  54          //..........写页地址.......... 
  55          void set_page_address(uchar page_addr) 
  56          { 
  57   1        send_cmd(page_addr|0xb0); 
  58   1      } 
  59          //..........写列地址.......... 
  60          void set_column_address(uchar clm_addr) 
  61          { 
  62   1        send_cmd((clm_addr>>4)|0x10);   //送列地址高四位 
  63   1        send_cmd(clm_addr&0x0f);    //送列地址低四位 
  64   1      } 
  65          //..........初始化.......... 
  66          void lcm_init(void) 
  67          { 
  68   1        delay(3);  
  69   1          RST=0;    
  70   1        delay(3);   
  71   1        RST=1;    
  72   1        delay(6); 
  73   1        send_cmd(0xAE);
  74   1        send_cmd(0xE2);//Software reset
  75   1        send_cmd(0xa0); //0xA0左右镜像选择，0xA1正常显示  
  76   1        send_cmd(0xc8); //0xC0上下镜像选择，0xC8正常显示
  77   1        send_cmd(0x25);//set (Rb/Ra) 
  78   1        send_cmd(0xa2);//bias set:1/9 
  79   1        send_cmd(0x81);//vo output voltage set 
  80   1        send_cmd(0x10);   //0~63
  81   1        send_cmd(0xf8),//booster ratio set
  82   1        send_cmd(0x00),//booster ratio:4x
  83   1        send_cmd(0x2c);//升压步聚1 
  84   1        send_cmd(0x2e);//升压步聚2 
  85   1        send_cmd(0x2f);//升压步聚3
  86   1        send_cmd(0x40); //起始行：第一行开始 
  87   1      //  send_cmd(0xe0);   
  88   1      
  89   1        send_cmd(0xaf);//开显示
  90   1      } 
  91          void delay(uint ms) 
  92          { 
  93   1        uint i,j;   
  94   1        for(i=0;i<ms;i++)     
  95   1        for(j=0;j<20000;j++); 
  96   1      } 

C51 COMPILATION COMPLETE.  1 WARNING(S),  9 ERROR(S)
